android/build/intermediates/manifest_merge_blame_file/debug/processDebugMainManifest/manifest-merger-blame-debug-report.txt
1<?xml version="1.0" encoding="utf-8"?>
2<manifest xmlns:android="http://schemas.android.com/apk/res/android"
3    package="com.davidbargados"
4    android:versionCode="1"
5    android:versionName="1.0" >
6
7    <uses-sdk
8        android:minSdkVersion="21"
9        android:targetSdkVersion="35" />
10
11    <uses-feature
11-->davidBargadosPilota/android/AndroidManifest.xml:4:3-75
12        android:glEsVersion="0x00020000"
12-->davidBargadosPilota/android/AndroidManifest.xml:4:17-49
13        android:required="true" />
13-->davidBargadosPilota/android/AndroidManifest.xml:4:50-73
14
15    <permission
15-->[androidx.core:core:1.15.0] AndroidManifest.xml:22:5-24:47
16        android:name="com.davidbargados.DYNAMIC_RECEIVER_NOT_EXPORTED_PERMISSION"
16-->[androidx.core:core:1.15.0] AndroidManifest.xml:23:9-81
17        android:protectionLevel="signature" />
17-->[androidx.core:core:1.15.0] AndroidManifest.xml:24:9-44
18
19    <uses-permission android:name="com.davidbargados.DYNAMIC_RECEIVER_NOT_EXPORTED_PERMISSION" />
19-->[androidx.core:core:1.15.0] AndroidManifest.xml:26:5-97
19-->[androidx.core:core:1.15.0] AndroidManifest.xml:26:22-94
20
21    <application
21-->davidBargadosPilota/android/AndroidManifest.xml:5:3-25:17
22        android:allowBackup="true"
22-->davidBargadosPilota/android/AndroidManifest.xml:6:7-33
23        android:appCategory="game"
23-->davidBargadosPilota/android/AndroidManifest.xml:10:7-33
24        android:appComponentFactory="androidx.core.app.CoreComponentFactory"
24-->[androidx.core:core:1.15.0] AndroidManifest.xml:28:18-86
25        android:debuggable="true"
26        android:extractNativeLibs="true"
27        android:fullBackupContent="true"
27-->davidBargadosPilota/android/AndroidManifest.xml:7:7-39
28        android:icon="@drawable/ic_launcher"
28-->davidBargadosPilota/android/AndroidManifest.xml:8:7-43
29        android:isGame="true"
29-->davidBargadosPilota/android/AndroidManifest.xml:9:7-28
30        android:label="@string/app_name"
30-->davidBargadosPilota/android/AndroidManifest.xml:11:7-39
31        android:testOnly="true"
32        android:theme="@style/GdxTheme" >
32-->davidBargadosPilota/android/AndroidManifest.xml:13:7-38
33        <activity
33-->davidBargadosPilota/android/AndroidManifest.xml:14:5-24:16
34            android:name="com.davidbargados.android.AndroidLauncher"
34-->davidBargadosPilota/android/AndroidManifest.xml:15:9-65
35            android:configChanges="keyboard|keyboardHidden|navigation|orientation|screenSize|screenLayout"
35-->davidBargadosPilota/android/AndroidManifest.xml:18:9-103
36            android:exported="true"
36-->davidBargadosPilota/android/AndroidManifest.xml:19:9-32
37            android:label="@string/app_name"
37-->davidBargadosPilota/android/AndroidManifest.xml:16:9-41
38            android:screenOrientation="landscape" >
38-->davidBargadosPilota/android/AndroidManifest.xml:17:9-46
39            <intent-filter>
39-->davidBargadosPilota/android/AndroidManifest.xml:20:9-23:23
40                <action android:name="android.intent.action.MAIN" />
40-->davidBargadosPilota/android/AndroidManifest.xml:21:9-60
40-->davidBargadosPilota/android/AndroidManifest.xml:21:17-58
41
42                <category android:name="android.intent.category.LAUNCHER" />
42-->davidBargadosPilota/android/AndroidManifest.xml:22:9-68
42-->davidBargadosPilota/android/AndroidManifest.xml:22:19-66
43            </intent-filter>
44        </activity>
45
46        <provider
46-->[androidx.profileinstaller:profileinstaller:1.3.0] AndroidManifest.xml:24:9-32:20
47            android:name="androidx.startup.InitializationProvider"
47-->[androidx.profileinstaller:profileinstaller:1.3.0] AndroidManifest.xml:25:13-67
48            android:authorities="com.davidbargados.androidx-startup"
48-->[androidx.profileinstaller:profileinstaller:1.3.0] AndroidManifest.xml:26:13-68
49            android:exported="false" >
49-->[androidx.profileinstaller:profileinstaller:1.3.0] AndroidManifest.xml:27:13-37
50            <meta-data
50-->[androidx.profileinstaller:profileinstaller:1.3.0] AndroidManifest.xml:29:13-31:52
51                android:name="androidx.profileinstaller.ProfileInstallerInitializer"
51-->[androidx.profileinstaller:profileinstaller:1.3.0] AndroidManifest.xml:30:17-85
52                android:value="androidx.startup" />
52-->[androidx.profileinstaller:profileinstaller:1.3.0] AndroidManifest.xml:31:17-49
53        </provider>
54
55        <receiver
55-->[androidx.profileinstaller:profileinstaller:1.3.0] AndroidManifest.xml:34:9-52:20
56            android:name="androidx.profileinstaller.ProfileInstallReceiver"
56-->[androidx.profileinstaller:profileinstaller:1.3.0] AndroidManifest.xml:35:13-76
57            android:directBootAware="false"
57-->[androidx.profileinstaller:profileinstaller:1.3.0] AndroidManifest.xml:36:13-44
58            android:enabled="true"
58-->[androidx.profileinstaller:profileinstaller:1.3.0] AndroidManifest.xml:37:13-35
59            android:exported="true"
59-->[androidx.profileinstaller:profileinstaller:1.3.0] AndroidManifest.xml:38:13-36
60            android:permission="android.permission.DUMP" >
60-->[androidx.profileinstaller:profileinstaller:1.3.0] AndroidManifest.xml:39:13-57
61            <intent-filter>
61-->[androidx.profileinstaller:profileinstaller:1.3.0] AndroidManifest.xml:40:13-42:29
62                <action android:name="androidx.profileinstaller.action.INSTALL_PROFILE" />
62-->[androidx.profileinstaller:profileinstaller:1.3.0] AndroidManifest.xml:41:17-91
62-->[androidx.profileinstaller:profileinstaller:1.3.0] AndroidManifest.xml:41:25-88
63            </intent-filter>
64            <intent-filter>
64-->[androidx.profileinstaller:profileinstaller:1.3.0] AndroidManifest.xml:43:13-45:29
65                <action android:name="androidx.profileinstaller.action.SKIP_FILE" />
65-->[androidx.profileinstaller:profileinstaller:1.3.0] AndroidManifest.xml:44:17-85
65-->[androidx.profileinstaller:profileinstaller:1.3.0] AndroidManifest.xml:44:25-82
66            </intent-filter>
67            <intent-filter>
67-->[androidx.profileinstaller:profileinstaller:1.3.0] AndroidManifest.xml:46:13-48:29
68                <action android:name="androidx.profileinstaller.action.SAVE_PROFILE" />
68-->[androidx.profileinstaller:profileinstaller:1.3.0] AndroidManifest.xml:47:17-88
68-->[androidx.profileinstaller:profileinstaller:1.3.0] AndroidManifest.xml:47:25-85
69            </intent-filter>
70            <intent-filter>
70-->[androidx.profileinstaller:profileinstaller:1.3.0] AndroidManifest.xml:49:13-51:29
71                <action android:name="androidx.profileinstaller.action.BENCHMARK_OPERATION" />
71-->[androidx.profileinstaller:profileinstaller:1.3.0] AndroidManifest.xml:50:17-95
71-->[androidx.profileinstaller:profileinstaller:1.3.0] AndroidManifest.xml:50:25-92
72            </intent-filter>
73        </receiver>
74    </application>
75
76</manifest>